{
  "stats": {
    "suites": 3,
    "tests": 6,
    "passes": 6,
    "pending": 0,
    "failures": 0,
    "start": "2018-03-26T08:56:26.703Z",
    "end": "2018-03-26T08:56:26.735Z",
    "duration": 32,
    "testsRegistered": 6,
    "passPercent": 100,
    "pendingPercent": 0,
    "other": 0,
    "hasOther": false,
    "skipped": 0,
    "hasSkipped": false,
    "passPercentClass": "success",
    "pendingPercentClass": "danger"
  },
  "suites": {
    "uuid": "dfd4f6a5-7345-45b2-a7eb-caf0a9323fc6",
    "title": "",
    "fullFile": "",
    "file": "",
    "beforeHooks": [],
    "afterHooks": [],
    "tests": [],
    "suites": [
      {
        "uuid": "e9208631-f881-48f8-a7a3-d8dd597c33ff",
        "title": "add test",
        "fullFile": "/Users/cash/Projects/VueUnitTest/.tmp/mocha-webpack/1522054585311/bundle.js",
        "file": "/.tmp/mocha-webpack/1522054585311/bundle.js",
        "beforeHooks": [],
        "afterHooks": [],
        "tests": [
          {
            "title": "add",
            "fullTitle": "add test add",
            "timedOut": false,
            "duration": 1,
            "state": "passed",
            "speed": "fast",
            "pass": true,
            "fail": false,
            "pending": false,
            "code": "expect((0, _add2.default)(1, 1)).to.be.equal(2);",
            "err": {},
            "isRoot": false,
            "uuid": "5d17ec09-6d6f-4239-a97f-bced1f77a85f",
            "isHook": false,
            "skipped": false
          }
        ],
        "suites": [],
        "passes": [
          "5d17ec09-6d6f-4239-a97f-bced1f77a85f"
        ],
        "failures": [],
        "pending": [],
        "skipped": [],
        "duration": 1,
        "root": false,
        "rootEmpty": false,
        "_timeout": 2000
      },
      {
        "uuid": "0a068e06-cf66-4e59-ae88-9d6b6fc01ff7",
        "title": "add test",
        "fullFile": "/Users/cash/Projects/VueUnitTest/.tmp/mocha-webpack/1522054585311/bundle.js",
        "file": "/.tmp/mocha-webpack/1522054585311/bundle.js",
        "beforeHooks": [],
        "afterHooks": [],
        "tests": [
          {
            "title": "add",
            "fullTitle": "add test add",
            "timedOut": false,
            "duration": 0,
            "state": "passed",
            "speed": "fast",
            "pass": true,
            "fail": false,
            "pending": false,
            "code": "expect(add(1, 1)).to.be.equal(2);",
            "err": {},
            "isRoot": false,
            "uuid": "e5d75925-0e8f-4731-8a4d-5e654cf17042",
            "isHook": false,
            "skipped": false
          }
        ],
        "suites": [],
        "passes": [
          "e5d75925-0e8f-4731-8a4d-5e654cf17042"
        ],
        "failures": [],
        "pending": [],
        "skipped": [],
        "duration": 0,
        "root": false,
        "rootEmpty": false,
        "_timeout": 2000
      },
      {
        "uuid": "41124a65-8636-4209-a40f-5a0f4c0c6f40",
        "title": "Foo.vue",
        "fullFile": "/Users/cash/Projects/VueUnitTest/.tmp/mocha-webpack/1522054585311/bundle.js",
        "file": "/.tmp/mocha-webpack/1522054585311/bundle.js",
        "beforeHooks": [],
        "afterHooks": [],
        "tests": [
          {
            "title": "has a root element with class foo",
            "fullTitle": "Foo.vue has a root element with class foo",
            "timedOut": false,
            "duration": 22,
            "state": "passed",
            "speed": "fast",
            "pass": true,
            "fail": false,
            "pending": false,
            "code": "var wrapper = (0, _vueTestUtils.shallow)(_foo2.default);\n(0, _chai.expect)(wrapper.is('.foo')).to.equal(true);",
            "err": {},
            "isRoot": false,
            "uuid": "ec201cfa-588b-4bc8-a663-a4bde4a87d7b",
            "isHook": false,
            "skipped": false
          },
          {
            "title": "has msg",
            "fullTitle": "Foo.vue has msg",
            "timedOut": false,
            "duration": 2,
            "state": "passed",
            "speed": "fast",
            "pass": true,
            "fail": false,
            "pending": false,
            "code": "var wrapper = (0, _vueTestUtils.shallow)(_foo2.default);\n(0, _chai.expect)(wrapper.vm.msg).to.equal(\"Welcome to Your Vue.js App\");",
            "err": {},
            "isRoot": false,
            "uuid": "630e22e1-41a2-41eb-8241-adfc7cc228d2",
            "isHook": false,
            "skipped": false
          },
          {
            "title": "has method",
            "fullTitle": "Foo.vue has method",
            "timedOut": false,
            "duration": 1,
            "state": "passed",
            "speed": "fast",
            "pass": true,
            "fail": false,
            "pending": false,
            "code": "var wrapper = (0, _vueTestUtils.shallow)(_foo2.default);\nvar r = wrapper.vm.$options.methods.test();\n(0, _chai.expect)(r).to.equal(2);",
            "err": {},
            "isRoot": false,
            "uuid": "89b10cc5-544e-4657-a24e-3327f9f3a458",
            "isHook": false,
            "skipped": false
          },
          {
            "title": "has computed",
            "fullTitle": "Foo.vue has computed",
            "timedOut": false,
            "duration": 1,
            "state": "passed",
            "speed": "fast",
            "pass": true,
            "fail": false,
            "pending": false,
            "code": "var wrapper = (0, _vueTestUtils.shallow)(_foo2.default);\nvar r = wrapper.vm.$options.computed.msg();\n(0, _chai.expect)(r).to.equal(\"msg123\");",
            "err": {},
            "isRoot": false,
            "uuid": "f0399f9e-1d77-443b-abc8-6bb1c1657339",
            "isHook": false,
            "skipped": false
          }
        ],
        "suites": [],
        "passes": [
          "ec201cfa-588b-4bc8-a663-a4bde4a87d7b",
          "630e22e1-41a2-41eb-8241-adfc7cc228d2",
          "89b10cc5-544e-4657-a24e-3327f9f3a458",
          "f0399f9e-1d77-443b-abc8-6bb1c1657339"
        ],
        "failures": [],
        "pending": [],
        "skipped": [],
        "duration": 26,
        "root": false,
        "rootEmpty": false,
        "_timeout": 2000
      }
    ],
    "passes": [],
    "failures": [],
    "pending": [],
    "skipped": [],
    "duration": 0,
    "root": true,
    "rootEmpty": true,
    "_timeout": 2000
  },
  "copyrightYear": 2018
}